<?xml version="1.0" encoding="utf-8"?><testsuites name="pytest tests"><testsuite name="pytest" errors="0" failures="0" skipped="0" tests="12" time="1.819" timestamp="2026-03-13T13:00:22.617550+00:00" hostname="agent-env-2c5829f5-0b1a-4102-88d3-5d2fa4d7126d"><testcase classname="backend.tests.test_api.TestHealthCheck" name="test_root_endpoint_returns_200" time="0.177" /><testcase classname="backend.tests.test_api.TestReviewsAPI" name="test_create_review_success" time="0.122" /><testcase classname="backend.tests.test_api.TestReviewsAPI" name="test_create_review_with_min_rating" time="0.107" /><testcase classname="backend.tests.test_api.TestReviewsAPI" name="test_create_review_with_max_rating" time="0.197" /><testcase classname="backend.tests.test_api.TestReviewsAPI" name="test_create_review_invalid_rating_too_high" time="0.141" /><testcase classname="backend.tests.test_api.TestReviewsAPI" name="test_create_review_invalid_rating_too_low" time="0.154" /><testcase classname="backend.tests.test_api.TestReviewsAPI" name="test_create_review_missing_required_fields" time="0.131" /><testcase classname="backend.tests.test_api.TestReviewsAPI" name="test_get_approved_reviews" time="0.172" /><testcase classname="backend.tests.test_api.TestContactsAPI" name="test_create_contact_success" time="0.105" /><testcase classname="backend.tests.test_api.TestContactsAPI" name="test_create_contact_with_different_phone_format" time="0.139" /><testcase classname="backend.tests.test_api.TestContactsAPI" name="test_create_contact_missing_required_fields" time="0.116" /><testcase classname="backend.tests.test_api.TestContactsAPI" name="test_create_contact_long_message" time="0.132" /></testsuite></testsuites>